2025-09-10 01:02:50,234 [INFO] ▶ update_dropdowns started
2025-09-10 01:02:50,235 [INFO] Log file: C:\Users\palyi\OneDrive\Desktop\bullshitBundle\fater_szarja\logs\update_dropdowns_20250910_010250.log
2025-09-10 01:02:50,235 [INFO] Csak ezek a hónapok frissülnek: augusztus, szeptember, oktober, november, december
2025-09-10 01:02:50,361 [INFO] ▶ update_dropdowns started
2025-09-10 01:02:50,362 [INFO] Log file: C:\Users\palyi\OneDrive\Desktop\bullshitBundle\fater_szarja\logs\update_dropdowns_20250910_010250.log
2025-09-10 01:02:50,362 [INFO] Csak ezek a hónapok frissülnek: augusztus, szeptember, oktober, november, december
2025-09-10 01:02:50,553 [INFO] ▶ update_dropdowns started
2025-09-10 01:02:50,554 [INFO] Log file: C:\Users\palyi\OneDrive\Desktop\bullshitBundle\fater_szarja\logs\update_dropdowns_20250910_010250.log
2025-09-10 01:02:50,554 [INFO] Csak ezek a hónapok frissülnek: augusztus, szeptember, oktober, november, december
2025-09-10 01:02:50,719 [INFO] Loaded TS kódok: 49 ügyfélkód, 28 projekt
2025-09-10 01:02:50,735 [INFO] ▶ update_dropdowns started
2025-09-10 01:02:50,736 [INFO] Log file: C:\Users\palyi\OneDrive\Desktop\bullshitBundle\fater_szarja\logs\update_dropdowns_20250910_010250.log
2025-09-10 01:02:50,736 [INFO] Csak ezek a hónapok frissülnek: augusztus, szeptember, oktober, november, december
2025-09-10 01:02:50,791 [INFO] Loaded TS kódok: 49 ügyfélkód, 28 projekt
2025-09-10 01:02:50,899 [INFO] Loaded TS kódok: 49 ügyfélkód, 28 projekt
2025-09-10 01:02:50,913 [INFO] ▶ update_dropdowns started
2025-09-10 01:02:50,913 [INFO] Log file: C:\Users\palyi\OneDrive\Desktop\bullshitBundle\fater_szarja\logs\update_dropdowns_20250910_010250.log
2025-09-10 01:02:50,913 [INFO] Csak ezek a hónapok frissülnek: augusztus, szeptember, oktober, november, december
2025-09-10 01:02:51,001 [INFO] Loaded TS kódok: 49 ügyfélkód, 28 projekt
2025-09-10 01:02:51,157 [INFO] Loaded TS kódok: 49 ügyfélkód, 28 projekt
2025-09-10 01:02:54,238 [INFO] 🔧 Feldolgozás: TS GP.xlsx
2025-09-10 01:02:55,435 [INFO]   ➔ Sheet: augusztus
2025-09-10 01:02:56,063 [INFO] 🔧 Feldolgozás: TS GP.xlsx
2025-09-10 01:02:57,348 [INFO]   ➔ Sheet: augusztus
2025-09-10 01:02:57,937 [INFO] 🔧 Feldolgozás: TS GP.xlsx
2025-09-10 01:02:59,290 [INFO]   ➔ Sheet: augusztus
2025-09-10 01:02:59,797 [INFO] 🔧 Feldolgozás: TS GP.xlsx
2025-09-10 01:03:01,192 [INFO]   ➔ Sheet: augusztus
2025-09-10 01:03:01,818 [INFO] 🔧 Feldolgozás: TS GP.xlsx
2025-09-10 01:03:03,070 [INFO]   ➔ Sheet: augusztus
2025-09-10 01:04:16,541 [INFO]   ➔ Sheet: szeptember
2025-09-10 01:04:19,012 [INFO]   ➔ Sheet: szeptember
2025-09-10 01:04:19,814 [INFO]   ➔ Sheet: szeptember
2025-09-10 01:04:20,716 [INFO]   ➔ Sheet: szeptember
2025-09-10 01:04:22,723 [INFO]   ➔ Sheet: szeptember
2025-09-10 01:05:34,362 [INFO]   ➔ Sheet: oktober
2025-09-10 01:05:35,992 [INFO]   ➔ Sheet: oktober
2025-09-10 01:05:37,139 [INFO]   ➔ Sheet: oktober
2025-09-10 01:05:37,567 [INFO]   ➔ Sheet: oktober
2025-09-10 01:05:40,358 [INFO]   ➔ Sheet: oktober
2025-09-10 01:06:45,383 [INFO]   ➔ Sheet: november
2025-09-10 01:06:47,237 [INFO]   ➔ Sheet: november
2025-09-10 01:06:48,102 [INFO]   ➔ Sheet: november
2025-09-10 01:06:48,166 [INFO]   ➔ Sheet: november
2025-09-10 01:06:50,493 [INFO]   ➔ Sheet: november
2025-09-10 01:07:48,776 [INFO]   ➔ Sheet: december
2025-09-10 01:07:51,043 [INFO]   ➔ Sheet: december
2025-09-10 01:07:51,690 [INFO]   ➔ Sheet: december
2025-09-10 01:07:52,295 [INFO]   ➔ Sheet: december
2025-09-10 01:07:54,774 [INFO]   ➔ Sheet: december
