2025-09-10 01:02:49,562 [INFO] ▶ update_dropdowns started
2025-09-10 01:02:49,564 [INFO] Log file: C:\Users\palyi\OneDrive\Desktop\bullshitBundle\fater_szarja\logs\update_dropdowns_20250910_010249.log
2025-09-10 01:02:49,565 [INFO] Csak ezek a hónapok frissülnek: augusztus, szeptember, oktober, november, december
2025-09-10 01:02:49,884 [INFO] ▶ update_dropdowns started
2025-09-10 01:02:49,885 [INFO] Log file: C:\Users\palyi\OneDrive\Desktop\bullshitBundle\fater_szarja\logs\update_dropdowns_20250910_010249.log
2025-09-10 01:02:49,885 [INFO] Csak ezek a hónapok frissülnek: augusztus, szeptember, oktober, november, december
2025-09-10 01:02:49,955 [INFO] Loaded TS kódok: 49 ügyfélkód, 28 projekt
2025-09-10 01:02:50,312 [INFO] Loaded TS kódok: 49 ügyfélkód, 28 projekt
2025-09-10 01:02:51,393 [INFO] 🔧 Feldolgozás: TS GP.xlsx
2025-09-10 01:02:52,280 [INFO]   ➔ Sheet: augusztus
2025-09-10 01:02:52,630 [INFO] 🔧 Feldolgozás: TS GP.xlsx
2025-09-10 01:02:53,752 [INFO]   ➔ Sheet: augusztus
2025-09-10 01:04:14,195 [INFO]   ➔ Sheet: szeptember
2025-09-10 01:04:15,707 [INFO]   ➔ Sheet: szeptember
2025-09-10 01:05:30,830 [INFO]   ➔ Sheet: oktober
2025-09-10 01:05:32,502 [INFO]   ➔ Sheet: oktober
2025-09-10 01:06:42,711 [INFO]   ➔ Sheet: november
2025-09-10 01:06:43,509 [INFO]   ➔ Sheet: november
2025-09-10 01:07:46,387 [INFO]   ➔ Sheet: december
2025-09-10 01:07:47,118 [INFO]   ➔ Sheet: december
